<?xml version="1.0" encoding="UTF-8"?>
<testng-results skipped="0" failed="0" ignored="0" total="1" passed="1">
  <reporter-output>
  </reporter-output>
  <suite name="Suite" duration-ms="20982" started-at="2018-06-11T15:42:11Z" finished-at="2018-06-11T15:42:32Z">
    <groups>
    </groups>
    <test name="Test" duration-ms="20982" started-at="2018-06-11T15:42:11Z" finished-at="2018-06-11T15:42:32Z">
      <class name="testing.validdata">
        <test-method status="PASS" signature="openapp()[pri:0, instance:testing.validdata@2a556333]" name="openapp" is-config="true" duration-ms="20500" started-at="2018-06-11T15:42:11Z" finished-at="2018-06-11T15:42:31Z">
          <reporter-output>
          </reporter-output>
        </test-method> <!-- openapp -->
        <test-method status="PASS" signature="valid()[pri:0, instance:testing.validdata@2a556333]" name="valid" duration-ms="422" started-at="2018-06-11T15:42:31Z" finished-at="2018-06-11T15:42:32Z">
          <reporter-output>
          </reporter-output>
        </test-method> <!-- valid -->
      </class> <!-- testing.validdata -->
    </test> <!-- Test -->
  </suite> <!-- Suite -->
</testng-results>
